<?xml version="1.0" encoding="UTF-8"?>
<!-- Generated by org.testng.reporters.JUnitXMLReporter -->
<testsuite ignored="0" hostname="Mayas-MacBook-Air.local" failures="1" tests="4" name="TestPrintMessage" time="0.109" errors="0" timestamp="2024-11-01T11:04:36 EDT">
  <testcase classname="testNGClassTest.testPrintMessage.TestMessageUtils" name="testFailedmethod" time="0.017"/>
  <testcase classname="testNGClassTest.testPrintMessage.TestMessageUtils" name="testFailedmethod" time="0.002">
    <failure type="java.lang.ArithmeticException" message="/ by zero">
      <![CDATA[java.lang.ArithmeticException: / by zero
at testNGClassTest.testPrintMessage.MessageUtils.failedTest(MessageUtils.java:19)
at testNGClassTest.testPrintMessage.TestMessageUtils.testFailedmethod(TestMessageUtils.java:41)
at java.base/java.util.ArrayList.forEach(ArrayList.java:1597)
... Removed 25 stack frames]]>
    </failure>
  </testcase> <!-- testFailedmethod -->
  <testcase classname="testNGClassTest.testPrintMessage.TestMessageUtils" name="testPrintMessage" time="0.006"/>
  <testcase classname="testNGClassTest.testPrintMessage.TestMessageUtils" name="testIgnoremethod" time="0.0">
    <skipped/>
  </testcase> <!-- testIgnoremethod -->
</testsuite> <!-- TestPrintMessage -->
