<?xml version="1.0" encoding="UTF-8"?>
<!-- Generated by org.testng.reporters.JUnitXMLReporter -->
<testsuite ignored="1" hostname="Mayas-MacBook-Air.local" failures="0" tests="10" name="Parallel_Test" time="0.127" errors="0" timestamp="2024-10-31T10:18:20 EDT">
  <testcase classname="testNGSamples.ParallelTest" name="paralleltest1" time="0.016"/>
  <testcase classname="testNGSamples.InvocationCount" name="invocation3times" time="0.017"/>
  <testcase classname="testNGSamples.InvocationCount" name="invocation3times" time="0.003"/>
  <testcase classname="testNGSamples.Parameter" name="parameterSample1" time="0.019"/>
  <testcase classname="testNGSamples.ParallelTest" name="paralleltest2" time="0.013"/>
  <testcase classname="testNGSamples.InvocationCount" name="invocation3times" time="0.003"/>
  <testcase classname="testNGSamples.Parameter" name="parameterSample2" time="0.007"/>
  <testcase classname="testNGSamples.InvocationCount" name="invocation2times" time="0.008"/>
  <testcase classname="testNGSamples.Parameter" name="parameterSample3" time="0.004"/>
  <testcase classname="testNGSamples.InvocationCount" name="invocation2times" time="0.002"/>
  <testcase classname="testNGSamples.InvocationCount" name="invocation10times" time="0.0">
    <ignored/>
  </testcase> <!-- invocation10times -->
</testsuite> <!-- Parallel_Test -->
