<?xml version="1.0" encoding="UTF-8"?>
<!-- Generated by org.testng.reporters.JUnitXMLReporter -->
<testsuite ignored="0" hostname="Mayas-MacBook-Air.local" failures="0" tests="3" name="Test2" time="0.03" errors="0" timestamp="2024-10-30T10:19:01 EDT">
  <testcase classname="testNGSamples.Parameter" name="parameterSample1" time="0.003"/>
  <testcase classname="testNGSamples.Parameter" name="parameterSample2" time="0.002"/>
  <testcase classname="testNGSamples.Parameter" name="parameterSample3" time="0.004"/>
</testsuite> <!-- Test2 -->
