<?xml version="1.0" encoding="UTF-8"?>
<!-- Generated by org.testng.reporters.JUnitXMLReporter -->
<testsuite ignored="3" hostname="Mayas-MacBook-Air.local" failures="0" tests="3" name="SanityTest" time="1.29" errors="0" timestamp="2024-10-28T20:36:50 EDT">
  <testcase classname="testSuite1.Module2" name="test002" time="0.017"/>
  <testcase classname="testSuite1.Module2" name="test001" time="0.024"/>
  <testcase classname="testSuite1.Module1" name="test002" time="0.017"/>
  <testcase classname="testSuite1.Module1" name="test003" time="0.0">
    <ignored/>
  </testcase> <!-- test003 -->
  <testcase classname="testSuite1.Module1" name="test001" time="0.0">
    <ignored/>
  </testcase> <!-- test001 -->
  <testcase classname="testSuite1.Module2" name="test003" time="0.0">
    <ignored/>
  </testcase> <!-- test003 -->
</testsuite> <!-- SanityTest -->
