<?xml version="1.0" encoding="UTF-8"?>
<!-- Generated by org.testng.reporters.JUnitXMLReporter -->
<testsuite ignored="1" hostname="Mayas-MacBook-Air.local" failures="0" tests="3" name="Include_ExcludeTest" time="0.098" errors="0" timestamp="2024-10-30T21:15:17 EDT">
  <testcase classname="testNGTestGroup.TestGroupRun" name="testPrint" time="0.014"/>
  <testcase classname="testNGTestGroup.TestGroupRun" name="testSalutationMessage" time="0.005"/>
  <testcase classname="testNGTestGroup.TestGroupRun" name="testmessage" time="0.008"/>
  <testcase classname="testNGTestGroup.TestGroupRun" name="testByeMessage" time="0.0">
    <ignored/>
  </testcase> <!-- testByeMessage -->
</testsuite> <!-- Include_ExcludeTest -->
