<?xml version="1.0" encoding="UTF-8"?>
<testng-results ignored="0" total="5" passed="5" failed="0" skipped="0">
  <reporter-output>
  </reporter-output>
  <suite started-at="2024-11-07T20:44:01 EST" name="Default suite" finished-at="2024-11-07T20:44:02 EST" duration-ms="786">
    <groups>
    </groups>
    <test started-at="2024-11-07T20:44:01 EST" name="Default test" finished-at="2024-11-07T20:44:02 EST" duration-ms="786">
      <class name="testSuite1.Module1">
        <test-method is-config="true" signature="beforeTest()[pri:0, instance:testSuite1.Module1@815b41f]" started-at="2024-11-07T20:44:01 EST" name="beforeTest" finished-at="2024-11-07T20:44:02 EST" duration-ms="691" status="PASS">
          <reporter-output>
          </reporter-output>
        </test-method> <!-- beforeTest -->
        <test-method signature="test001()[pri:0, instance:testSuite1.Module1@815b41f]" started-at="2024-11-07T20:44:02 EST" name="test001" finished-at="2024-11-07T20:44:02 EST" duration-ms="17" status="PASS">
          <reporter-output>
          </reporter-output>
        </test-method> <!-- test001 -->
        <test-method signature="test002()[pri:0, instance:testSuite1.Module1@815b41f]" started-at="2024-11-07T20:44:02 EST" name="test002" finished-at="2024-11-07T20:44:02 EST" duration-ms="4" status="PASS">
          <reporter-output>
          </reporter-output>
        </test-method> <!-- test002 -->
        <test-method signature="test003()[pri:0, instance:testSuite1.Module1@815b41f]" started-at="2024-11-07T20:44:02 EST" name="test003" finished-at="2024-11-07T20:44:02 EST" duration-ms="4" status="PASS">
          <reporter-output>
          </reporter-output>
        </test-method> <!-- test003 -->
        <test-method signature="test004()[pri:0, instance:testSuite1.Module1@815b41f]" started-at="2024-11-07T20:44:02 EST" name="test004" finished-at="2024-11-07T20:44:02 EST" duration-ms="2" status="PASS">
          <reporter-output>
          </reporter-output>
        </test-method> <!-- test004 -->
        <test-method signature="test005()[pri:0, instance:testSuite1.Module1@815b41f]" started-at="2024-11-07T20:44:02 EST" name="test005" finished-at="2024-11-07T20:44:02 EST" duration-ms="3" status="PASS">
          <reporter-output>
          </reporter-output>
        </test-method> <!-- test005 -->
        <test-method is-config="true" signature="afterTest()[pri:0, instance:testSuite1.Module1@815b41f]" started-at="2024-11-07T20:44:02 EST" name="afterTest" finished-at="2024-11-07T20:44:02 EST" duration-ms="1" status="PASS">
          <reporter-output>
          </reporter-output>
        </test-method> <!-- afterTest -->
      </class> <!-- testSuite1.Module1 -->
    </test> <!-- Default test -->
  </suite> <!-- Default suite -->
</testng-results>
