<?xml version="1.0" encoding="UTF-8"?>
<!-- Generated by org.testng.reporters.JUnitXMLReporter -->
<testsuite ignored="0" hostname="Mayas-MacBook-Air.local" failures="0" tests="9" name="ParameterTest" time="0.189" errors="0" timestamp="2024-11-01T20:54:04 EDT">
  <testcase classname="testNGParametrisedTest.TestParametrised" name="parameterTestBool" time="0.02"/>
  <testcase classname="testNGParametrisedTest.TestParametrised" name="parameterTestByte" time="0.003"/>
  <testcase classname="testNGParametrisedTest.TestParametrised" name="parameterTestChar" time="0.004"/>
  <testcase classname="testNGParametrisedTest.TestParametrised" name="parameterTestDouble" time="0.012"/>
  <testcase classname="testNGParametrisedTest.TestParametrised" name="parameterTestFloat" time="0.012"/>
  <testcase classname="testNGParametrisedTest.TestParametrised" name="parameterTestInteger" time="0.002"/>
  <testcase classname="testNGParametrisedTest.TestParametrised" name="parameterTestLong" time="0.009"/>
  <testcase classname="testNGParametrisedTest.TestParametrised" name="parameterTestShort" time="0.006"/>
  <testcase classname="testNGParametrisedTest.TestParametrised" name="parameterTestString" time="0.004"/>
</testsuite> <!-- ParameterTest -->
