<?xml version="1.0" encoding="UTF-8"?>
<!-- Generated by org.testng.reporters.JUnitXMLReporter -->
<testsuite ignored="0" hostname="Mayas-MacBook-Air.local" failures="0" tests="3" name="ExceptionTest" time="0.084" errors="0" timestamp="2024-10-31T10:14:53 EDT">
  <testcase classname="testNGExceptionTest.TestException" name="testAdd" time="0.012"/>
  <testcase classname="testNGExceptionTest.TestException" name="testArthmenticException" time="0.003"/>
  <testcase classname="testNGExceptionTest.TestException" name="testSubtract" time="0.002"/>
</testsuite> <!-- ExceptionTest -->
