<?xml version="1.0" encoding="UTF-8"?>
<!-- Generated by org.testng.reporters.JUnitXMLReporter -->
<testsuite ignored="1" hostname="Mayas-MacBook-Air.local" failures="0" tests="3" name="GroupTest" time="0.099" errors="0" timestamp="2024-10-30T21:03:26 EDT">
  <testcase classname="testNGTestGroup.TestGroupRun" name="testByeMessage" time="0.019"/>
  <testcase classname="testNGTestGroup.TestGroupRun" name="testPrint" time="0.003"/>
  <testcase classname="testNGTestGroup.TestGroupRun" name="testSalutationMessage" time="0.002"/>
  <testcase classname="testNGTestGroup.TestGroupRun" name="testmessage" time="0.0">
    <ignored/>
  </testcase> <!-- testmessage -->
</testsuite> <!-- GroupTest -->
