<?xml version="1.0" encoding="UTF-8"?>
<!-- Generated by org.testng.reporters.JUnitXMLReporter -->
<testsuite ignored="0" hostname="Mayas-MacBook-Air.local" failures="0" tests="7" name="Prioritytest" time="0.14" errors="0" timestamp="2024-10-29T12:37:08 EDT">
  <testcase classname="testNGSamples.Priority" name="sample7" time="0.016"/>
  <testcase classname="testNGSamples.Priority" name="sample1" time="0.003"/>
  <testcase classname="testNGSamples.Priority" name="sample3" time="0.003"/>
  <testcase classname="testNGSamples.Priority" name="sample2" time="0.003"/>
  <testcase classname="testNGSamples.Priority" name="sample4" time="0.004"/>
  <testcase classname="testNGSamples.Priority" name="sample5" time="0.005"/>
  <testcase classname="testNGSamples.Priority" name="sample6" time="0.003"/>
</testsuite> <!-- Prioritytest -->
