<?xml version="1.0" encoding="UTF-8"?>
<!-- Generated by org.testng.reporters.JUnitXMLReporter -->
<testsuite ignored="0" hostname="Mayas-MacBook-Air.local" failures="0" tests="5" name="DataProviderTest" time="0.114" errors="0" timestamp="2024-10-31T13:16:10 EDT">
  <testcase classname="testNGParametrisedTest.testPrimeNumberDataProvider" name="testPrimeNumberChecker" time="0.017"/>
  <testcase classname="testNGParametrisedTest.testPrimeNumberDataProvider" name="testPrimeNumberChecker" time="0.003"/>
  <testcase classname="testNGParametrisedTest.testPrimeNumberDataProvider" name="testPrimeNumberChecker" time="0.004"/>
  <testcase classname="testNGParametrisedTest.testPrimeNumberDataProvider" name="testPrimeNumberChecker" time="0.003"/>
  <testcase classname="testNGParametrisedTest.testPrimeNumberDataProvider" name="testPrimeNumberChecker" time="0.001"/>
</testsuite> <!-- DataProviderTest -->
