<?xml version="1.0" encoding="UTF-8"?>
<!-- Generated by org.testng.reporters.JUnitXMLReporter -->
<testsuite ignored="4" hostname="Mayas-MacBook-Air.local" failures="0" tests="1" name="Default test" time="1.007" errors="0" timestamp="2024-11-15T08:40:39 EST">
  <testcase classname="testSuite1.Module1" name="test001" time="0.072"/>
  <testcase classname="testSuite1.Module1" name="test003" time="0.0">
    <ignored/>
  </testcase> <!-- test003 -->
  <testcase classname="testSuite1.Module1" name="test002" time="0.0">
    <ignored/>
  </testcase> <!-- test002 -->
  <testcase classname="testSuite1.Module1" name="test005" time="0.0">
    <ignored/>
  </testcase> <!-- test005 -->
  <testcase classname="testSuite1.Module1" name="test004" time="0.0">
    <ignored/>
  </testcase> <!-- test004 -->
</testsuite> <!-- Default test -->
