<?xml version="1.0" encoding="UTF-8"?>
<!-- Generated by org.testng.reporters.JUnitXMLReporter -->
<testsuite ignored="0" hostname="Mayas-MacBook-Air.local" failures="0" tests="5" name="Default test" time="0.786" errors="0" timestamp="2024-11-07T20:44:02 EST">
  <testcase classname="testSuite1.Module1" name="test001" time="0.017"/>
  <testcase classname="testSuite1.Module1" name="test002" time="0.004"/>
  <testcase classname="testSuite1.Module1" name="test003" time="0.004"/>
  <testcase classname="testSuite1.Module1" name="test004" time="0.002"/>
  <testcase classname="testSuite1.Module1" name="test005" time="0.003"/>
</testsuite> <!-- Default test -->
